<?xml version="1.0" encoding="UTF-8"?>
<testng-results skipped="0" failed="0" ignored="0" total="1" passed="1">
  <reporter-output>
  </reporter-output>
  <suite name="JenkinsTest" duration-ms="4628" started-at="2017-12-15T07:11:54Z" finished-at="2017-12-15T07:11:59Z">
    <groups>
    </groups>
    <test name="MyTests" duration-ms="4628" started-at="2017-12-15T07:11:54Z" finished-at="2017-12-15T07:11:59Z">
      <class name="JenkinsAnt.JenkinsTest">
        <test-method status="PASS" signature="TestAnt()[pri:0, instance:JenkinsAnt.JenkinsTest@6fdb1f78]" name="TestAnt" duration-ms="4611" started-at="2017-12-15T08:11:54Z" finished-at="2017-12-15T08:11:59Z">
          <reporter-output>
          </reporter-output>
        </test-method> <!-- TestAnt -->
      </class> <!-- JenkinsAnt.JenkinsTest -->
    </test> <!-- MyTests -->
  </suite> <!-- JenkinsTest -->
</testng-results>
